<?xml version="1.0" encoding="UTF-8"?>
<!-- Generated by org.testng.reporters.JUnitReportReporter -->
<testsuite hostname="Dell" failures="0" tests="1" name="com.godaddy.testCases.TC_OpenGodaddy_001" time="0.023" errors="0" timestamp="2021-05-03T15:38:16 PKT" skipped="0">
  <testcase classname="com.godaddy.testCases.TC_OpenGodaddy_001" name="OpenGodaddy" time="0.023"/>
  <system-out/>
</testsuite> <!-- com.godaddy.testCases.TC_OpenGodaddy_001 -->
