<?xml version="1.0" encoding="UTF-8"?>
<!-- Generated by org.testng.reporters.JUnitReportReporter -->
<testsuite hostname="Dell" failures="0" tests="1" name="com.godaddy.testCases.TC_GodaddyValidateTest_002" time="5.218" errors="0" timestamp="2021-05-17T10:51:55 PKT" skipped="0">
  <testcase classname="com.godaddy.testCases.TC_GodaddyValidateTest_002" name="GodaddyValidateTest" time="5.218"/>
  <system-out/>
</testsuite> <!-- com.godaddy.testCases.TC_GodaddyValidateTest_002 -->
